<?xml version="1.0" encoding="UTF-8"?>
<!-- Generated by org.testng.reporters.JUnitXMLReporter -->
<testsuite hostname="CIS-PC" ignored="1" name="Test(failed)" tests="2" failures="1" timestamp="18 Sep 2020 17:49:33 GMT" time="81.617" errors="0">
  <testcase name="test_ValidLogin" time="16.354" classname="com.actiTime.scripts.TestValidLoginPage"/>
  <testcase name="test_FailureScreenshot" time="0.04" classname="com.actiTime.scripts.DemoScreenshot">
    <failure type="java.lang.AssertionError" message="null">
      <![CDATA[java.lang.AssertionError: null
at com.actiTime.scripts.DemoScreenshot.test_FailureScreenshot(DemoScreenshot.java:12)
... Removed 27 stack frames]]>
    </failure>
  </testcase> <!-- test_FailureScreenshot -->
  <testcase name="@AfterSuite printReport" time="0.0" classname="com.actiTime.generics.BaseTest">
    <ignored/>
  </testcase> <!-- @AfterSuite printReport -->
</testsuite> <!-- Test(failed) -->
