<?xml version="1.0" encoding="UTF-8"?>
<!-- Generated by org.testng.reporters.JUnitXMLReporter -->
<testsuite hostname="CIS-PC" ignored="5" name="Test" tests="6" failures="2" timestamp="18 Sep 2020 17:17:06 GMT" time="484.58" errors="0">
  <testcase name="test_FailureScreenshot" time="0.118" classname="com.actiTime.scripts.DemoScreenshot">
    <failure type="java.lang.AssertionError" message="null">
      <![CDATA[java.lang.AssertionError: null
at com.actiTime.scripts.DemoScreenshot.test_FailureScreenshot(DemoScreenshot.java:12)
... Removed 27 stack frames]]>
    </failure>
  </testcase> <!-- test_FailureScreenshot -->
  <testcase name="test_ValidLogin" time="42.27" classname="com.actiTime.scripts.TestValidLoginPage">
    <failure type="org.openqa.selenium.TimeoutException" message="Expected condition failed: waiting for title to contain &amp;quot;actiTIME - Enter Time-Track&amp;quot;. Current title: &amp;quot;actiTIME - Login&amp;quot; (tried for 20 second(s) with 500 milliseconds interval)
Build info: version: &amp;apos;3.141.59&amp;apos;, revision: &amp;apos;e82be7d358&amp;apos;, time: &amp;apos;2018-11-14T08:17:03&amp;apos;
System info: host: &amp;apos;CIS-PC&amp;apos;, ip: &amp;apos;169.254.172.8&amp;apos;, os.name: &amp;apos;Windows 7&amp;apos;, os.arch: &amp;apos;amd64&amp;apos;, os.version: &amp;apos;6.1&amp;apos;, java.version: &amp;apos;1.8.0_261&amp;apos;
Driver info: org.openqa.selenium.chrome.ChromeDriver
Capabilities {acceptInsecureCerts: false, browserName: chrome, browserVersion: 85.0.4183.102, chrome: {chromedriverVersion: 85.0.4183.87 (cd6713ebf92fa..., userDataDir: C:\Users\CIS\AppData\Local\...}, goog:chromeOptions: {debuggerAddress: localhost:49578}, javascriptEnabled: true, networkConnectionEnabled: false, pageLoadStrategy: normal, platform: WINDOWS, platformName: WINDOWS, proxy: Proxy(), setWindowRect: true, strictFileInteractability: false, timeouts: {implicit: 0, pageLoad: 300000, script: 30000}, unhandledPromptBehavior: dismiss and notify, webauthn:virtualAuthenticators: true}
Session ID: 0455a6a9a4007197d4f5e5520c2b2948">
      <![CDATA[org.openqa.selenium.TimeoutException: Expected condition failed: waiting for title to contain "actiTIME - Enter Time-Track". Current title: "actiTIME - Login" (tried for 20 second(s) with 500 milliseconds interval)
Build info: version: '3.141.59', revision: 'e82be7d358', time: '2018-11-14T08:17:03'
System info: host: 'CIS-PC', ip: '169.254.172.8', os.name: 'Windows 7', os.arch: 'amd64', os.version: '6.1', java.version: '1.8.0_261'
Driver info: org.openqa.selenium.chrome.ChromeDriver
Capabilities {acceptInsecureCerts: false, browserName: chrome, browserVersion: 85.0.4183.102, chrome: {chromedriverVersion: 85.0.4183.87 (cd6713ebf92fa..., userDataDir: C:\Users\CIS\AppData\Local\...}, goog:chromeOptions: {debuggerAddress: localhost:49578}, javascriptEnabled: true, networkConnectionEnabled: false, pageLoadStrategy: normal, platform: WINDOWS, platformName: WINDOWS, proxy: Proxy(), setWindowRect: true, strictFileInteractability: false, timeouts: {implicit: 0, pageLoad: 300000, script: 30000}, unhandledPromptBehavior: dismiss and notify, webauthn:virtualAuthenticators: true}
Session ID: 0455a6a9a4007197d4f5e5520c2b2948
at org.openqa.selenium.support.ui.WebDriverWait.timeoutException(WebDriverWait.java:95)
at org.openqa.selenium.support.ui.FluentWait.until(FluentWait.java:272)
at com.actiTime.generics.FWUtils.verifyPageTitle(FWUtils.java:29)
at com.actiTime.scripts.TestValidLoginPage.test_ValidLogin(TestValidLoginPage.java:23)
... Removed 25 stack frames]]>
    </failure>
  </testcase> <!-- test_ValidLogin -->
  <testcase name="test_CreateUser" time="49.169" classname="com.actiTime.scripts.TestCreateUser"/>
  <testcase name="test_IssueDate" time="7.604" classname="com.actiTime.scripts.TestIssuesDate"/>
  <testcase name="test_ProductEdition" time="6.253" classname="com.actiTime.scripts.TestProductEdition"/>
  <testcase name="test_InvalidLoginPage" time="8.464" classname="com.actiTime.scripts.TestInvalidLoginpage"/>
  <testcase name="@AfterSuite printReport" time="0.0" classname="com.actiTime.generics.BaseTest">
    <ignored/>
  </testcase> <!-- @AfterSuite printReport -->
  <testcase name="@AfterSuite printReport" time="0.0" classname="com.actiTime.generics.BaseTest">
    <ignored/>
  </testcase> <!-- @AfterSuite printReport -->
  <testcase name="@AfterSuite printReport" time="0.0" classname="com.actiTime.generics.BaseTest">
    <ignored/>
  </testcase> <!-- @AfterSuite printReport -->
  <testcase name="@AfterSuite printReport" time="0.0" classname="com.actiTime.generics.BaseTest">
    <ignored/>
  </testcase> <!-- @AfterSuite printReport -->
  <testcase name="@AfterSuite printReport" time="0.0" classname="com.actiTime.generics.BaseTest">
    <ignored/>
  </testcase> <!-- @AfterSuite printReport -->
</testsuite> <!-- Test -->
